2014-07-09 03:21:47 Error: [MissingDatasourceConfigException] The datasource configuration "default" was not found in database.php
Exception Attributes: array (
  'config' => 'default',
)
Request URL: /car/
Stack Trace:
#0 C:\wamp\www\car\lib\Cake\Model\ConnectionManager.php(91): ConnectionManager::_getConnectionObject('default')
#1 C:\wamp\www\car\lib\Cake\Model\Model.php(3471): ConnectionManager::getDataSource('default')
#2 C:\wamp\www\car\lib\Cake\Model\Model.php(1126): Model->setDataSource('default')
#3 C:\wamp\www\car\lib\Cake\Model\Model.php(3493): Model->setSource('products')
#4 C:\wamp\www\car\lib\Cake\Model\Model.php(2897): Model->getDataSource()
#5 C:\wamp\www\car\lib\Cake\Model\Model.php(2869): Model->_readDataSource('all', Array)
#6 C:\wamp\www\car\app\Controller\ProductsController.php(7): Model->find('all')
#7 [internal function]: ProductsController->index()
#8 C:\wamp\www\car\lib\Cake\Controller\Controller.php(490): ReflectionMethod->invokeArgs(Object(ProductsController), Array)
#9 C:\wamp\www\car\lib\Cake\Routing\Dispatcher.php(185): Controller->invokeAction(Object(CakeRequest))
#10 C:\wamp\www\car\lib\Cake\Routing\Dispatcher.php(160): Dispatcher->_invoke(Object(ProductsController), Object(CakeRequest), Object(CakeResponse))
#11 C:\wamp\www\car\app\webroot\index.php(108): Dispatcher->dispatch(Object(CakeRequest), Object(CakeResponse))
#12 {main}
2014-07-09 03:33:06 Error: [MissingDatasourceConfigException] The datasource configuration "default" was not found in database.php
Exception Attributes: array (
  'config' => 'default',
)
Request URL: /car/
Stack Trace:
#0 C:\wamp\www\car\lib\Cake\Model\ConnectionManager.php(91): ConnectionManager::_getConnectionObject('default')
#1 C:\wamp\www\car\lib\Cake\Model\Model.php(3471): ConnectionManager::getDataSource('default')
#2 C:\wamp\www\car\lib\Cake\Model\Model.php(1126): Model->setDataSource('default')
#3 C:\wamp\www\car\lib\Cake\Model\Model.php(3493): Model->setSource('products')
#4 C:\wamp\www\car\lib\Cake\Model\Model.php(2897): Model->getDataSource()
#5 C:\wamp\www\car\lib\Cake\Model\Model.php(2869): Model->_readDataSource('all', Array)
#6 C:\wamp\www\car\app\Controller\ProductsController.php(7): Model->find('all')
#7 [internal function]: ProductsController->index()
#8 C:\wamp\www\car\lib\Cake\Controller\Controller.php(490): ReflectionMethod->invokeArgs(Object(ProductsController), Array)
#9 C:\wamp\www\car\lib\Cake\Routing\Dispatcher.php(185): Controller->invokeAction(Object(CakeRequest))
#10 C:\wamp\www\car\lib\Cake\Routing\Dispatcher.php(160): Dispatcher->_invoke(Object(ProductsController), Object(CakeRequest), Object(CakeResponse))
#11 C:\wamp\www\car\app\webroot\index.php(108): Dispatcher->dispatch(Object(CakeRequest), Object(CakeResponse))
#12 {main}
2014-07-09 03:33:17 Error: [MissingDatasourceConfigException] The datasource configuration "default" was not found in database.php
Exception Attributes: array (
  'config' => 'default',
)
Request URL: /car/
Stack Trace:
#0 C:\wamp\www\car\lib\Cake\Model\ConnectionManager.php(91): ConnectionManager::_getConnectionObject('default')
#1 C:\wamp\www\car\lib\Cake\Model\Model.php(3471): ConnectionManager::getDataSource('default')
#2 C:\wamp\www\car\lib\Cake\Model\Model.php(1126): Model->setDataSource('default')
#3 C:\wamp\www\car\lib\Cake\Model\Model.php(3493): Model->setSource('products')
#4 C:\wamp\www\car\lib\Cake\Model\Model.php(2897): Model->getDataSource()
#5 C:\wamp\www\car\lib\Cake\Model\Model.php(2869): Model->_readDataSource('all', Array)
#6 C:\wamp\www\car\app\Controller\ProductsController.php(7): Model->find('all')
#7 [internal function]: ProductsController->index()
#8 C:\wamp\www\car\lib\Cake\Controller\Controller.php(490): ReflectionMethod->invokeArgs(Object(ProductsController), Array)
#9 C:\wamp\www\car\lib\Cake\Routing\Dispatcher.php(185): Controller->invokeAction(Object(CakeRequest))
#10 C:\wamp\www\car\lib\Cake\Routing\Dispatcher.php(160): Dispatcher->_invoke(Object(ProductsController), Object(CakeRequest), Object(CakeResponse))
#11 C:\wamp\www\car\app\webroot\index.php(108): Dispatcher->dispatch(Object(CakeRequest), Object(CakeResponse))
#12 {main}
2014-07-09 03:35:13 Error: [MissingTableException] Table products for model Product was not found in datasource default.
Exception Attributes: array (
  'table' => 'products',
  'class' => 'Product',
  'ds' => 'default',
)
Request URL: /car/
Stack Trace:
#0 C:\wamp\www\car\lib\Cake\Model\Model.php(3493): Model->setSource('products')
#1 C:\wamp\www\car\lib\Cake\Model\Model.php(2897): Model->getDataSource()
#2 C:\wamp\www\car\lib\Cake\Model\Model.php(2869): Model->_readDataSource('all', Array)
#3 C:\wamp\www\car\app\Controller\ProductsController.php(7): Model->find('all')
#4 [internal function]: ProductsController->index()
#5 C:\wamp\www\car\lib\Cake\Controller\Controller.php(490): ReflectionMethod->invokeArgs(Object(ProductsController), Array)
#6 C:\wamp\www\car\lib\Cake\Routing\Dispatcher.php(185): Controller->invokeAction(Object(CakeRequest))
#7 C:\wamp\www\car\lib\Cake\Routing\Dispatcher.php(160): Dispatcher->_invoke(Object(ProductsController), Object(CakeRequest), Object(CakeResponse))
#8 C:\wamp\www\car\app\webroot\index.php(108): Dispatcher->dispatch(Object(CakeRequest), Object(CakeResponse))
#9 {main}
2014-07-09 03:36:15 Error: [MissingTableException] Table products for model Product was not found in datasource default.
Exception Attributes: array (
  'table' => 'products',
  'class' => 'Product',
  'ds' => 'default',
)
Request URL: /car/
Stack Trace:
#0 C:\wamp\www\car\lib\Cake\Model\Model.php(3493): Model->setSource('products')
#1 C:\wamp\www\car\lib\Cake\Model\Model.php(2897): Model->getDataSource()
#2 C:\wamp\www\car\lib\Cake\Model\Model.php(2869): Model->_readDataSource('all', Array)
#3 C:\wamp\www\car\app\Controller\ProductsController.php(7): Model->find('all')
#4 [internal function]: ProductsController->index()
#5 C:\wamp\www\car\lib\Cake\Controller\Controller.php(490): ReflectionMethod->invokeArgs(Object(ProductsController), Array)
#6 C:\wamp\www\car\lib\Cake\Routing\Dispatcher.php(185): Controller->invokeAction(Object(CakeRequest))
#7 C:\wamp\www\car\lib\Cake\Routing\Dispatcher.php(160): Dispatcher->_invoke(Object(ProductsController), Object(CakeRequest), Object(CakeResponse))
#8 C:\wamp\www\car\app\webroot\index.php(108): Dispatcher->dispatch(Object(CakeRequest), Object(CakeResponse))
#9 {main}
2014-07-09 03:36:16 Error: [MissingTableException] Table products for model Product was not found in datasource default.
Exception Attributes: array (
  'table' => 'products',
  'class' => 'Product',
  'ds' => 'default',
)
Request URL: /car/
Stack Trace:
#0 C:\wamp\www\car\lib\Cake\Model\Model.php(3493): Model->setSource('products')
#1 C:\wamp\www\car\lib\Cake\Model\Model.php(2897): Model->getDataSource()
#2 C:\wamp\www\car\lib\Cake\Model\Model.php(2869): Model->_readDataSource('all', Array)
#3 C:\wamp\www\car\app\Controller\ProductsController.php(7): Model->find('all')
#4 [internal function]: ProductsController->index()
#5 C:\wamp\www\car\lib\Cake\Controller\Controller.php(490): ReflectionMethod->invokeArgs(Object(ProductsController), Array)
#6 C:\wamp\www\car\lib\Cake\Routing\Dispatcher.php(185): Controller->invokeAction(Object(CakeRequest))
#7 C:\wamp\www\car\lib\Cake\Routing\Dispatcher.php(160): Dispatcher->_invoke(Object(ProductsController), Object(CakeRequest), Object(CakeResponse))
#8 C:\wamp\www\car\app\webroot\index.php(108): Dispatcher->dispatch(Object(CakeRequest), Object(CakeResponse))
#9 {main}
2014-07-09 03:36:16 Error: [MissingTableException] Table products for model Product was not found in datasource default.
Exception Attributes: array (
  'table' => 'products',
  'class' => 'Product',
  'ds' => 'default',
)
Request URL: /car/
Stack Trace:
#0 C:\wamp\www\car\lib\Cake\Model\Model.php(3493): Model->setSource('products')
#1 C:\wamp\www\car\lib\Cake\Model\Model.php(2897): Model->getDataSource()
#2 C:\wamp\www\car\lib\Cake\Model\Model.php(2869): Model->_readDataSource('all', Array)
#3 C:\wamp\www\car\app\Controller\ProductsController.php(7): Model->find('all')
#4 [internal function]: ProductsController->index()
#5 C:\wamp\www\car\lib\Cake\Controller\Controller.php(490): ReflectionMethod->invokeArgs(Object(ProductsController), Array)
#6 C:\wamp\www\car\lib\Cake\Routing\Dispatcher.php(185): Controller->invokeAction(Object(CakeRequest))
#7 C:\wamp\www\car\lib\Cake\Routing\Dispatcher.php(160): Dispatcher->_invoke(Object(ProductsController), Object(CakeRequest), Object(CakeResponse))
#8 C:\wamp\www\car\app\webroot\index.php(108): Dispatcher->dispatch(Object(CakeRequest), Object(CakeResponse))
#9 {main}
2014-07-09 03:36:17 Error: [MissingTableException] Table products for model Product was not found in datasource default.
Exception Attributes: array (
  'table' => 'products',
  'class' => 'Product',
  'ds' => 'default',
)
Request URL: /car/
Stack Trace:
#0 C:\wamp\www\car\lib\Cake\Model\Model.php(3493): Model->setSource('products')
#1 C:\wamp\www\car\lib\Cake\Model\Model.php(2897): Model->getDataSource()
#2 C:\wamp\www\car\lib\Cake\Model\Model.php(2869): Model->_readDataSource('all', Array)
#3 C:\wamp\www\car\app\Controller\ProductsController.php(7): Model->find('all')
#4 [internal function]: ProductsController->index()
#5 C:\wamp\www\car\lib\Cake\Controller\Controller.php(490): ReflectionMethod->invokeArgs(Object(ProductsController), Array)
#6 C:\wamp\www\car\lib\Cake\Routing\Dispatcher.php(185): Controller->invokeAction(Object(CakeRequest))
#7 C:\wamp\www\car\lib\Cake\Routing\Dispatcher.php(160): Dispatcher->_invoke(Object(ProductsController), Object(CakeRequest), Object(CakeResponse))
#8 C:\wamp\www\car\app\webroot\index.php(108): Dispatcher->dispatch(Object(CakeRequest), Object(CakeResponse))
#9 {main}
2014-07-09 03:36:18 Error: [MissingTableException] Table products for model Product was not found in datasource default.
Exception Attributes: array (
  'table' => 'products',
  'class' => 'Product',
  'ds' => 'default',
)
Request URL: /car/
Stack Trace:
#0 C:\wamp\www\car\lib\Cake\Model\Model.php(3493): Model->setSource('products')
#1 C:\wamp\www\car\lib\Cake\Model\Model.php(2897): Model->getDataSource()
#2 C:\wamp\www\car\lib\Cake\Model\Model.php(2869): Model->_readDataSource('all', Array)
#3 C:\wamp\www\car\app\Controller\ProductsController.php(7): Model->find('all')
#4 [internal function]: ProductsController->index()
#5 C:\wamp\www\car\lib\Cake\Controller\Controller.php(490): ReflectionMethod->invokeArgs(Object(ProductsController), Array)
#6 C:\wamp\www\car\lib\Cake\Routing\Dispatcher.php(185): Controller->invokeAction(Object(CakeRequest))
#7 C:\wamp\www\car\lib\Cake\Routing\Dispatcher.php(160): Dispatcher->_invoke(Object(ProductsController), Object(CakeRequest), Object(CakeResponse))
#8 C:\wamp\www\car\app\webroot\index.php(108): Dispatcher->dispatch(Object(CakeRequest), Object(CakeResponse))
#9 {main}
2014-07-09 03:37:03 Error: [MissingTableException] Table products for model Product was not found in datasource default.
Exception Attributes: array (
  'table' => 'products',
  'class' => 'Product',
  'ds' => 'default',
)
Request URL: /car/
Stack Trace:
#0 C:\wamp\www\car\lib\Cake\Model\Model.php(3493): Model->setSource('products')
#1 C:\wamp\www\car\lib\Cake\Model\Model.php(2897): Model->getDataSource()
#2 C:\wamp\www\car\lib\Cake\Model\Model.php(2869): Model->_readDataSource('all', Array)
#3 C:\wamp\www\car\app\Controller\ProductsController.php(7): Model->find('all')
#4 [internal function]: ProductsController->index()
#5 C:\wamp\www\car\lib\Cake\Controller\Controller.php(490): ReflectionMethod->invokeArgs(Object(ProductsController), Array)
#6 C:\wamp\www\car\lib\Cake\Routing\Dispatcher.php(185): Controller->invokeAction(Object(CakeRequest))
#7 C:\wamp\www\car\lib\Cake\Routing\Dispatcher.php(160): Dispatcher->_invoke(Object(ProductsController), Object(CakeRequest), Object(CakeResponse))
#8 C:\wamp\www\car\app\webroot\index.php(108): Dispatcher->dispatch(Object(CakeRequest), Object(CakeResponse))
#9 {main}
2014-07-09 03:37:04 Error: [MissingTableException] Table products for model Product was not found in datasource default.
Exception Attributes: array (
  'table' => 'products',
  'class' => 'Product',
  'ds' => 'default',
)
Request URL: /car/
Stack Trace:
#0 C:\wamp\www\car\lib\Cake\Model\Model.php(3493): Model->setSource('products')
#1 C:\wamp\www\car\lib\Cake\Model\Model.php(2897): Model->getDataSource()
#2 C:\wamp\www\car\lib\Cake\Model\Model.php(2869): Model->_readDataSource('all', Array)
#3 C:\wamp\www\car\app\Controller\ProductsController.php(7): Model->find('all')
#4 [internal function]: ProductsController->index()
#5 C:\wamp\www\car\lib\Cake\Controller\Controller.php(490): ReflectionMethod->invokeArgs(Object(ProductsController), Array)
#6 C:\wamp\www\car\lib\Cake\Routing\Dispatcher.php(185): Controller->invokeAction(Object(CakeRequest))
#7 C:\wamp\www\car\lib\Cake\Routing\Dispatcher.php(160): Dispatcher->_invoke(Object(ProductsController), Object(CakeRequest), Object(CakeResponse))
#8 C:\wamp\www\car\app\webroot\index.php(108): Dispatcher->dispatch(Object(CakeRequest), Object(CakeResponse))
#9 {main}
2014-07-09 03:37:05 Error: [MissingTableException] Table products for model Product was not found in datasource default.
Exception Attributes: array (
  'table' => 'products',
  'class' => 'Product',
  'ds' => 'default',
)
Request URL: /car/
Stack Trace:
#0 C:\wamp\www\car\lib\Cake\Model\Model.php(3493): Model->setSource('products')
#1 C:\wamp\www\car\lib\Cake\Model\Model.php(2897): Model->getDataSource()
#2 C:\wamp\www\car\lib\Cake\Model\Model.php(2869): Model->_readDataSource('all', Array)
#3 C:\wamp\www\car\app\Controller\ProductsController.php(7): Model->find('all')
#4 [internal function]: ProductsController->index()
#5 C:\wamp\www\car\lib\Cake\Controller\Controller.php(490): ReflectionMethod->invokeArgs(Object(ProductsController), Array)
#6 C:\wamp\www\car\lib\Cake\Routing\Dispatcher.php(185): Controller->invokeAction(Object(CakeRequest))
#7 C:\wamp\www\car\lib\Cake\Routing\Dispatcher.php(160): Dispatcher->_invoke(Object(ProductsController), Object(CakeRequest), Object(CakeResponse))
#8 C:\wamp\www\car\app\webroot\index.php(108): Dispatcher->dispatch(Object(CakeRequest), Object(CakeResponse))
#9 {main}
2014-07-09 03:53:32 Error: [NotFoundException] Invalid product
Request URL: /car/products/view/4
Stack Trace:
#0 [internal function]: ProductsController->view('4')
#1 C:\wamp\www\car\lib\Cake\Controller\Controller.php(490): ReflectionMethod->invokeArgs(Object(ProductsController), Array)
#2 C:\wamp\www\car\lib\Cake\Routing\Dispatcher.php(185): Controller->invokeAction(Object(CakeRequest))
#3 C:\wamp\www\car\lib\Cake\Routing\Dispatcher.php(160): Dispatcher->_invoke(Object(ProductsController), Object(CakeRequest), Object(CakeResponse))
#4 C:\wamp\www\car\app\webroot\index.php(108): Dispatcher->dispatch(Object(CakeRequest), Object(CakeResponse))
#5 {main}
2014-07-10 20:59:33 Error: [MissingControllerException] Controller class ImagesController could not be found.
Exception Attributes: array (
  'class' => 'ImagesController',
  'plugin' => NULL,
)
Request URL: /car/images/shoshi/2s.jpg
Stack Trace:
#0 C:\wamp\www\car\app\webroot\index.php(108): Dispatcher->dispatch(Object(CakeRequest), Object(CakeResponse))
#1 {main}
2014-07-10 20:59:47 Error: [MissingControllerException] Controller class ImagesController could not be found.
Exception Attributes: array (
  'class' => 'ImagesController',
  'plugin' => NULL,
)
Request URL: /car/images/shoshi/2s.jpg
Stack Trace:
#0 C:\wamp\www\car\app\webroot\index.php(108): Dispatcher->dispatch(Object(CakeRequest), Object(CakeResponse))
#1 {main}
2014-07-10 20:59:49 Error: [MissingControllerException] Controller class ImagesController could not be found.
Exception Attributes: array (
  'class' => 'ImagesController',
  'plugin' => NULL,
)
Request URL: /car/images/shoshi/2s.jpg
Stack Trace:
#0 C:\wamp\www\car\app\webroot\index.php(108): Dispatcher->dispatch(Object(CakeRequest), Object(CakeResponse))
#1 {main}
2014-07-10 21:00:17 Error: [MissingControllerException] Controller class ImagesController could not be found.
Exception Attributes: array (
  'class' => 'ImagesController',
  'plugin' => NULL,
)
Request URL: /car/images/shoshi/2s.jpg
Stack Trace:
#0 C:\wamp\www\car\app\webroot\index.php(108): Dispatcher->dispatch(Object(CakeRequest), Object(CakeResponse))
#1 {main}
2014-07-10 21:00:17 Error: [MissingControllerException] Controller class ImagesController could not be found.
Exception Attributes: array (
  'class' => 'ImagesController',
  'plugin' => NULL,
)
Request URL: /car/images/shoshi/2s.jpg
Stack Trace:
#0 C:\wamp\www\car\app\webroot\index.php(108): Dispatcher->dispatch(Object(CakeRequest), Object(CakeResponse))
#1 {main}
2014-07-10 21:00:17 Error: [MissingControllerException] Controller class ImagesController could not be found.
Exception Attributes: array (
  'class' => 'ImagesController',
  'plugin' => NULL,
)
Request URL: /car/images/blank.gif
Stack Trace:
#0 C:\wamp\www\car\app\webroot\index.php(108): Dispatcher->dispatch(Object(CakeRequest), Object(CakeResponse))
#1 {main}
2014-07-10 21:00:17 Error: [MissingControllerException] Controller class ImagesController could not be found.
Exception Attributes: array (
  'class' => 'ImagesController',
  'plugin' => NULL,
)
Request URL: /car/images/loader.gif
Stack Trace:
#0 C:\wamp\www\car\app\webroot\index.php(108): Dispatcher->dispatch(Object(CakeRequest), Object(CakeResponse))
#1 {main}
2014-07-10 21:00:18 Error: [MissingControllerException] Controller class ImagesController could not be found.
Exception Attributes: array (
  'class' => 'ImagesController',
  'plugin' => NULL,
)
Request URL: /car/images/loader.gif
Stack Trace:
#0 C:\wamp\www\car\app\webroot\index.php(108): Dispatcher->dispatch(Object(CakeRequest), Object(CakeResponse))
#1 {main}
2014-07-10 21:00:18 Error: [MissingControllerException] Controller class ImagesController could not be found.
Exception Attributes: array (
  'class' => 'ImagesController',
  'plugin' => NULL,
)
Request URL: /car/images/shoshi/2s.jpg
Stack Trace:
#0 C:\wamp\www\car\app\webroot\index.php(108): Dispatcher->dispatch(Object(CakeRequest), Object(CakeResponse))
#1 {main}
2014-07-10 21:00:20 Error: [MissingControllerException] Controller class ImagesController could not be found.
Exception Attributes: array (
  'class' => 'ImagesController',
  'plugin' => NULL,
)
Request URL: /car/images/loader.gif
Stack Trace:
#0 C:\wamp\www\car\app\webroot\index.php(108): Dispatcher->dispatch(Object(CakeRequest), Object(CakeResponse))
#1 {main}
2014-07-10 21:00:20 Error: [MissingControllerException] Controller class ImagesController could not be found.
Exception Attributes: array (
  'class' => 'ImagesController',
  'plugin' => NULL,
)
Request URL: /car/images/shoshi/2s.jpg
Stack Trace:
#0 C:\wamp\www\car\app\webroot\index.php(108): Dispatcher->dispatch(Object(CakeRequest), Object(CakeResponse))
#1 {main}
2014-07-10 21:07:44 Error: Fatal Error (4): syntax error, unexpected ';' in [C:\wamp\www\car\app\View\Products\index.ctp, line 59]
2014-07-10 21:07:44 Error: [FatalErrorException] syntax error, unexpected ';'
Request URL: /car/
Stack Trace:
#0 C:\wamp\www\car\lib\Cake\Error\ErrorHandler.php(203): ErrorHandler::handleFatalError(4, 'syntax error, u...', 'C:\\wamp\\www\\car...', 59)
#1 [internal function]: ErrorHandler::handleError(4, 'syntax error, u...', 'C:\\wamp\\www\\car...', 59, Array)
#2 C:\wamp\www\car\lib\Cake\Core\App.php(929): call_user_func('ErrorHandler::h...', 4, 'syntax error, u...', 'C:\\wamp\\www\\car...', 59, Array)
#3 C:\wamp\www\car\lib\Cake\Core\App.php(902): App::_checkFatalError()
#4 [internal function]: App::shutdown()
#5 {main}
2014-07-10 21:08:17 Error: [MissingControllerException] Controller class ImagesController could not be found.
Exception Attributes: array (
  'class' => 'ImagesController',
  'plugin' => NULL,
)
Request URL: /car/images/loader.gif
Stack Trace:
#0 C:\wamp\www\car\app\webroot\index.php(108): Dispatcher->dispatch(Object(CakeRequest), Object(CakeResponse))
#1 {main}
2014-07-10 21:08:17 Error: [MissingControllerException] Controller class ImagesController could not be found.
Exception Attributes: array (
  'class' => 'ImagesController',
  'plugin' => NULL,
)
Request URL: /car/images/blank.gif
Stack Trace:
#0 C:\wamp\www\car\app\webroot\index.php(108): Dispatcher->dispatch(Object(CakeRequest), Object(CakeResponse))
#1 {main}
2014-07-10 21:08:19 Error: [MissingControllerException] Controller class ImagesController could not be found.
Exception Attributes: array (
  'class' => 'ImagesController',
  'plugin' => NULL,
)
Request URL: /car/images/loader.gif
Stack Trace:
#0 C:\wamp\www\car\app\webroot\index.php(108): Dispatcher->dispatch(Object(CakeRequest), Object(CakeResponse))
#1 {main}
2014-07-10 21:08:19 Error: [MissingControllerException] Controller class ImagesController could not be found.
Exception Attributes: array (
  'class' => 'ImagesController',
  'plugin' => NULL,
)
Request URL: /car/images/loader.gif
Stack Trace:
#0 C:\wamp\www\car\app\webroot\index.php(108): Dispatcher->dispatch(Object(CakeRequest), Object(CakeResponse))
#1 {main}
2014-07-10 21:08:19 Error: [MissingControllerException] Controller class ImagesController could not be found.
Exception Attributes: array (
  'class' => 'ImagesController',
  'plugin' => NULL,
)
Request URL: /car/images/loader.gif
Stack Trace:
#0 C:\wamp\www\car\app\webroot\index.php(108): Dispatcher->dispatch(Object(CakeRequest), Object(CakeResponse))
#1 {main}
2014-07-10 21:08:19 Error: [MissingControllerException] Controller class ImagesController could not be found.
Exception Attributes: array (
  'class' => 'ImagesController',
  'plugin' => NULL,
)
Request URL: /car/images/loader.gif
Stack Trace:
#0 C:\wamp\www\car\app\webroot\index.php(108): Dispatcher->dispatch(Object(CakeRequest), Object(CakeResponse))
#1 {main}
2014-07-10 21:08:20 Error: [MissingControllerException] Controller class ImagesController could not be found.
Exception Attributes: array (
  'class' => 'ImagesController',
  'plugin' => NULL,
)
Request URL: /car/images/loader.gif
Stack Trace:
#0 C:\wamp\www\car\app\webroot\index.php(108): Dispatcher->dispatch(Object(CakeRequest), Object(CakeResponse))
#1 {main}
2014-07-10 21:08:21 Error: [MissingControllerException] Controller class ImagesController could not be found.
Exception Attributes: array (
  'class' => 'ImagesController',
  'plugin' => NULL,
)
Request URL: /car/images/loader.gif
Stack Trace:
#0 C:\wamp\www\car\app\webroot\index.php(108): Dispatcher->dispatch(Object(CakeRequest), Object(CakeResponse))
#1 {main}
2014-07-10 21:08:21 Error: [MissingControllerException] Controller class ImagesController could not be found.
Exception Attributes: array (
  'class' => 'ImagesController',
  'plugin' => NULL,
)
Request URL: /car/images/loader.gif
Stack Trace:
#0 C:\wamp\www\car\app\webroot\index.php(108): Dispatcher->dispatch(Object(CakeRequest), Object(CakeResponse))
#1 {main}
2014-07-10 21:08:47 Error: [MissingControllerException] Controller class ImagesController could not be found.
Exception Attributes: array (
  'class' => 'ImagesController',
  'plugin' => NULL,
)
Request URL: /car/images/loader.gif
Stack Trace:
#0 C:\wamp\www\car\app\webroot\index.php(108): Dispatcher->dispatch(Object(CakeRequest), Object(CakeResponse))
#1 {main}
2014-07-10 21:14:07 Error: [MissingControllerException] Controller class ImagesController could not be found.
Exception Attributes: array (
  'class' => 'ImagesController',
  'plugin' => NULL,
)
Request URL: /car/images/loader.gif
Stack Trace:
#0 C:\wamp\www\car\app\webroot\index.php(108): Dispatcher->dispatch(Object(CakeRequest), Object(CakeResponse))
#1 {main}
2014-07-10 21:14:07 Error: [MissingControllerException] Controller class ImagesController could not be found.
Exception Attributes: array (
  'class' => 'ImagesController',
  'plugin' => NULL,
)
Request URL: /car/images/loader.gif
Stack Trace:
#0 C:\wamp\www\car\app\webroot\index.php(108): Dispatcher->dispatch(Object(CakeRequest), Object(CakeResponse))
#1 {main}
2014-07-10 21:14:07 Error: [MissingControllerException] Controller class ImagesController could not be found.
Exception Attributes: array (
  'class' => 'ImagesController',
  'plugin' => NULL,
)
Request URL: /car/images/loader.gif
Stack Trace:
#0 C:\wamp\www\car\app\webroot\index.php(108): Dispatcher->dispatch(Object(CakeRequest), Object(CakeResponse))
#1 {main}
2014-07-10 21:14:07 Error: [MissingControllerException] Controller class ImagesController could not be found.
Exception Attributes: array (
  'class' => 'ImagesController',
  'plugin' => NULL,
)
Request URL: /car/images/loader.gif
Stack Trace:
#0 C:\wamp\www\car\app\webroot\index.php(108): Dispatcher->dispatch(Object(CakeRequest), Object(CakeResponse))
#1 {main}
2014-07-10 21:14:08 Error: [MissingControllerException] Controller class ImagesController could not be found.
Exception Attributes: array (
  'class' => 'ImagesController',
  'plugin' => NULL,
)
Request URL: /car/images/loader.gif
Stack Trace:
#0 C:\wamp\www\car\app\webroot\index.php(108): Dispatcher->dispatch(Object(CakeRequest), Object(CakeResponse))
#1 {main}
2014-07-10 21:14:08 Error: [MissingControllerException] Controller class ImagesController could not be found.
Exception Attributes: array (
  'class' => 'ImagesController',
  'plugin' => NULL,
)
Request URL: /car/images/loader.gif
Stack Trace:
#0 C:\wamp\www\car\app\webroot\index.php(108): Dispatcher->dispatch(Object(CakeRequest), Object(CakeResponse))
#1 {main}
2014-07-10 21:14:08 Error: [MissingControllerException] Controller class ImagesController could not be found.
Exception Attributes: array (
  'class' => 'ImagesController',
  'plugin' => NULL,
)
Request URL: /car/images/loader.gif
Stack Trace:
#0 C:\wamp\www\car\app\webroot\index.php(108): Dispatcher->dispatch(Object(CakeRequest), Object(CakeResponse))
#1 {main}
2014-07-10 21:14:08 Error: [MissingControllerException] Controller class ImagesController could not be found.
Exception Attributes: array (
  'class' => 'ImagesController',
  'plugin' => NULL,
)
Request URL: /car/images/loader.gif
Stack Trace:
#0 C:\wamp\www\car\app\webroot\index.php(108): Dispatcher->dispatch(Object(CakeRequest), Object(CakeResponse))
#1 {main}
2014-07-10 21:14:08 Error: [MissingControllerException] Controller class ImagesController could not be found.
Exception Attributes: array (
  'class' => 'ImagesController',
  'plugin' => NULL,
)
Request URL: /car/images/loader.gif
Stack Trace:
#0 C:\wamp\www\car\app\webroot\index.php(108): Dispatcher->dispatch(Object(CakeRequest), Object(CakeResponse))
#1 {main}
2014-07-10 21:14:08 Error: [MissingControllerException] Controller class ImagesController could not be found.
Exception Attributes: array (
  'class' => 'ImagesController',
  'plugin' => NULL,
)
Request URL: /car/images/loader.gif
Stack Trace:
#0 C:\wamp\www\car\app\webroot\index.php(108): Dispatcher->dispatch(Object(CakeRequest), Object(CakeResponse))
#1 {main}
2014-07-10 21:14:08 Error: [MissingControllerException] Controller class ImagesController could not be found.
Exception Attributes: array (
  'class' => 'ImagesController',
  'plugin' => NULL,
)
Request URL: /car/images/loader.gif
Stack Trace:
#0 C:\wamp\www\car\app\webroot\index.php(108): Dispatcher->dispatch(Object(CakeRequest), Object(CakeResponse))
#1 {main}
2014-07-10 21:14:09 Error: [MissingControllerException] Controller class ImagesController could not be found.
Exception Attributes: array (
  'class' => 'ImagesController',
  'plugin' => NULL,
)
Request URL: /car/images/loader.gif
Stack Trace:
#0 C:\wamp\www\car\app\webroot\index.php(108): Dispatcher->dispatch(Object(CakeRequest), Object(CakeResponse))
#1 {main}
2014-07-10 21:14:09 Error: [MissingControllerException] Controller class ImagesController could not be found.
Exception Attributes: array (
  'class' => 'ImagesController',
  'plugin' => NULL,
)
Request URL: /car/images/loader.gif
Stack Trace:
#0 C:\wamp\www\car\app\webroot\index.php(108): Dispatcher->dispatch(Object(CakeRequest), Object(CakeResponse))
#1 {main}
2014-07-10 21:14:09 Error: [MissingControllerException] Controller class ImagesController could not be found.
Exception Attributes: array (
  'class' => 'ImagesController',
  'plugin' => NULL,
)
Request URL: /car/images/loader.gif
Stack Trace:
#0 C:\wamp\www\car\app\webroot\index.php(108): Dispatcher->dispatch(Object(CakeRequest), Object(CakeResponse))
#1 {main}
2014-07-10 21:14:09 Error: [MissingControllerException] Controller class ImagesController could not be found.
Exception Attributes: array (
  'class' => 'ImagesController',
  'plugin' => NULL,
)
Request URL: /car/images/loader.gif
Stack Trace:
#0 C:\wamp\www\car\app\webroot\index.php(108): Dispatcher->dispatch(Object(CakeRequest), Object(CakeResponse))
#1 {main}
2014-07-10 21:14:09 Error: [MissingControllerException] Controller class ImagesController could not be found.
Exception Attributes: array (
  'class' => 'ImagesController',
  'plugin' => NULL,
)
Request URL: /car/images/loader.gif
Stack Trace:
#0 C:\wamp\www\car\app\webroot\index.php(108): Dispatcher->dispatch(Object(CakeRequest), Object(CakeResponse))
#1 {main}
2014-07-10 21:14:09 Error: [MissingControllerException] Controller class ImagesController could not be found.
Exception Attributes: array (
  'class' => 'ImagesController',
  'plugin' => NULL,
)
Request URL: /car/images/loader.gif
Stack Trace:
#0 C:\wamp\www\car\app\webroot\index.php(108): Dispatcher->dispatch(Object(CakeRequest), Object(CakeResponse))
#1 {main}
2014-07-10 21:14:09 Error: [MissingControllerException] Controller class ImagesController could not be found.
Exception Attributes: array (
  'class' => 'ImagesController',
  'plugin' => NULL,
)
Request URL: /car/images/loader.gif
Stack Trace:
#0 C:\wamp\www\car\app\webroot\index.php(108): Dispatcher->dispatch(Object(CakeRequest), Object(CakeResponse))
#1 {main}
2014-07-10 21:14:09 Error: [MissingControllerException] Controller class ImagesController could not be found.
Exception Attributes: array (
  'class' => 'ImagesController',
  'plugin' => NULL,
)
Request URL: /car/images/loader.gif
Stack Trace:
#0 C:\wamp\www\car\app\webroot\index.php(108): Dispatcher->dispatch(Object(CakeRequest), Object(CakeResponse))
#1 {main}
2014-07-10 21:14:09 Error: [MissingControllerException] Controller class ImagesController could not be found.
Exception Attributes: array (
  'class' => 'ImagesController',
  'plugin' => NULL,
)
Request URL: /car/images/loader.gif
Stack Trace:
#0 C:\wamp\www\car\app\webroot\index.php(108): Dispatcher->dispatch(Object(CakeRequest), Object(CakeResponse))
#1 {main}
2014-07-10 21:14:09 Error: [MissingControllerException] Controller class ImagesController could not be found.
Exception Attributes: array (
  'class' => 'ImagesController',
  'plugin' => NULL,
)
Request URL: /car/images/loader.gif
Stack Trace:
#0 C:\wamp\www\car\app\webroot\index.php(108): Dispatcher->dispatch(Object(CakeRequest), Object(CakeResponse))
#1 {main}
2014-07-10 21:14:09 Error: [MissingControllerException] Controller class ImagesController could not be found.
Exception Attributes: array (
  'class' => 'ImagesController',
  'plugin' => NULL,
)
Request URL: /car/images/loader.gif
Stack Trace:
#0 C:\wamp\www\car\app\webroot\index.php(108): Dispatcher->dispatch(Object(CakeRequest), Object(CakeResponse))
#1 {main}
2014-07-10 21:14:10 Error: [MissingControllerException] Controller class ImagesController could not be found.
Exception Attributes: array (
  'class' => 'ImagesController',
  'plugin' => NULL,
)
Request URL: /car/images/loader.gif
Stack Trace:
#0 C:\wamp\www\car\app\webroot\index.php(108): Dispatcher->dispatch(Object(CakeRequest), Object(CakeResponse))
#1 {main}
2014-07-10 21:14:10 Error: [MissingControllerException] Controller class ImagesController could not be found.
Exception Attributes: array (
  'class' => 'ImagesController',
  'plugin' => NULL,
)
Request URL: /car/images/loader.gif
Stack Trace:
#0 C:\wamp\www\car\app\webroot\index.php(108): Dispatcher->dispatch(Object(CakeRequest), Object(CakeResponse))
#1 {main}
2014-07-10 21:14:10 Error: [MissingControllerException] Controller class ImagesController could not be found.
Exception Attributes: array (
  'class' => 'ImagesController',
  'plugin' => NULL,
)
Request URL: /car/images/loader.gif
Stack Trace:
#0 C:\wamp\www\car\app\webroot\index.php(108): Dispatcher->dispatch(Object(CakeRequest), Object(CakeResponse))
#1 {main}
2014-07-10 21:14:10 Error: [MissingControllerException] Controller class ImagesController could not be found.
Exception Attributes: array (
  'class' => 'ImagesController',
  'plugin' => NULL,
)
Request URL: /car/images/loader.gif
Stack Trace:
#0 C:\wamp\www\car\app\webroot\index.php(108): Dispatcher->dispatch(Object(CakeRequest), Object(CakeResponse))
#1 {main}
2014-07-10 21:14:10 Error: [MissingControllerException] Controller class ImagesController could not be found.
Exception Attributes: array (
  'class' => 'ImagesController',
  'plugin' => NULL,
)
Request URL: /car/images/loader.gif
Stack Trace:
#0 C:\wamp\www\car\app\webroot\index.php(108): Dispatcher->dispatch(Object(CakeRequest), Object(CakeResponse))
#1 {main}
2014-07-10 21:14:10 Error: [MissingControllerException] Controller class ImagesController could not be found.
Exception Attributes: array (
  'class' => 'ImagesController',
  'plugin' => NULL,
)
Request URL: /car/images/loader.gif
Stack Trace:
#0 C:\wamp\www\car\app\webroot\index.php(108): Dispatcher->dispatch(Object(CakeRequest), Object(CakeResponse))
#1 {main}
2014-07-10 21:14:10 Error: [MissingControllerException] Controller class ImagesController could not be found.
Exception Attributes: array (
  'class' => 'ImagesController',
  'plugin' => NULL,
)
Request URL: /car/images/loader.gif
Stack Trace:
#0 C:\wamp\www\car\app\webroot\index.php(108): Dispatcher->dispatch(Object(CakeRequest), Object(CakeResponse))
#1 {main}
2014-07-10 21:14:10 Error: [MissingControllerException] Controller class ImagesController could not be found.
Exception Attributes: array (
  'class' => 'ImagesController',
  'plugin' => NULL,
)
Request URL: /car/images/loader.gif
Stack Trace:
#0 C:\wamp\www\car\app\webroot\index.php(108): Dispatcher->dispatch(Object(CakeRequest), Object(CakeResponse))
#1 {main}
2014-07-10 21:14:10 Error: [MissingControllerException] Controller class ImagesController could not be found.
Exception Attributes: array (
  'class' => 'ImagesController',
  'plugin' => NULL,
)
Request URL: /car/images/loader.gif
Stack Trace:
#0 C:\wamp\www\car\app\webroot\index.php(108): Dispatcher->dispatch(Object(CakeRequest), Object(CakeResponse))
#1 {main}
2014-07-10 21:14:10 Error: [MissingControllerException] Controller class ImagesController could not be found.
Exception Attributes: array (
  'class' => 'ImagesController',
  'plugin' => NULL,
)
Request URL: /car/images/loader.gif
Stack Trace:
#0 C:\wamp\www\car\app\webroot\index.php(108): Dispatcher->dispatch(Object(CakeRequest), Object(CakeResponse))
#1 {main}
2014-07-10 21:14:10 Error: [MissingControllerException] Controller class ImagesController could not be found.
Exception Attributes: array (
  'class' => 'ImagesController',
  'plugin' => NULL,
)
Request URL: /car/images/loader.gif
Stack Trace:
#0 C:\wamp\www\car\app\webroot\index.php(108): Dispatcher->dispatch(Object(CakeRequest), Object(CakeResponse))
#1 {main}
2014-07-10 21:14:11 Error: [MissingControllerException] Controller class ImagesController could not be found.
Exception Attributes: array (
  'class' => 'ImagesController',
  'plugin' => NULL,
)
Request URL: /car/images/loader.gif
Stack Trace:
#0 C:\wamp\www\car\app\webroot\index.php(108): Dispatcher->dispatch(Object(CakeRequest), Object(CakeResponse))
#1 {main}
2014-07-10 21:14:11 Error: [MissingControllerException] Controller class ImagesController could not be found.
Exception Attributes: array (
  'class' => 'ImagesController',
  'plugin' => NULL,
)
Request URL: /car/images/loader.gif
Stack Trace:
#0 C:\wamp\www\car\app\webroot\index.php(108): Dispatcher->dispatch(Object(CakeRequest), Object(CakeResponse))
#1 {main}
2014-07-10 21:14:11 Error: [MissingControllerException] Controller class ImagesController could not be found.
Exception Attributes: array (
  'class' => 'ImagesController',
  'plugin' => NULL,
)
Request URL: /car/images/loader.gif
Stack Trace:
#0 C:\wamp\www\car\app\webroot\index.php(108): Dispatcher->dispatch(Object(CakeRequest), Object(CakeResponse))
#1 {main}
2014-07-10 21:14:11 Error: [MissingControllerException] Controller class ImagesController could not be found.
Exception Attributes: array (
  'class' => 'ImagesController',
  'plugin' => NULL,
)
Request URL: /car/images/loader.gif
Stack Trace:
#0 C:\wamp\www\car\app\webroot\index.php(108): Dispatcher->dispatch(Object(CakeRequest), Object(CakeResponse))
#1 {main}
2014-07-10 21:14:12 Error: [MissingControllerException] Controller class ImagesController could not be found.
Exception Attributes: array (
  'class' => 'ImagesController',
  'plugin' => NULL,
)
Request URL: /car/images/loader.gif
Stack Trace:
#0 C:\wamp\www\car\app\webroot\index.php(108): Dispatcher->dispatch(Object(CakeRequest), Object(CakeResponse))
#1 {main}
2014-07-10 21:14:12 Error: [MissingControllerException] Controller class ImagesController could not be found.
Exception Attributes: array (
  'class' => 'ImagesController',
  'plugin' => NULL,
)
Request URL: /car/images/loader.gif
Stack Trace:
#0 C:\wamp\www\car\app\webroot\index.php(108): Dispatcher->dispatch(Object(CakeRequest), Object(CakeResponse))
#1 {main}
2014-07-10 21:14:12 Error: [MissingControllerException] Controller class ImagesController could not be found.
Exception Attributes: array (
  'class' => 'ImagesController',
  'plugin' => NULL,
)
Request URL: /car/images/loader.gif
Stack Trace:
#0 C:\wamp\www\car\app\webroot\index.php(108): Dispatcher->dispatch(Object(CakeRequest), Object(CakeResponse))
#1 {main}
2014-07-10 21:14:12 Error: [MissingControllerException] Controller class ImagesController could not be found.
Exception Attributes: array (
  'class' => 'ImagesController',
  'plugin' => NULL,
)
Request URL: /car/images/loader.gif
Stack Trace:
#0 C:\wamp\www\car\app\webroot\index.php(108): Dispatcher->dispatch(Object(CakeRequest), Object(CakeResponse))
#1 {main}
2014-07-10 21:14:12 Error: [MissingControllerException] Controller class ImagesController could not be found.
Exception Attributes: array (
  'class' => 'ImagesController',
  'plugin' => NULL,
)
Request URL: /car/images/loader.gif
Stack Trace:
#0 C:\wamp\www\car\app\webroot\index.php(108): Dispatcher->dispatch(Object(CakeRequest), Object(CakeResponse))
#1 {main}
2014-07-10 21:14:12 Error: [MissingControllerException] Controller class ImagesController could not be found.
Exception Attributes: array (
  'class' => 'ImagesController',
  'plugin' => NULL,
)
Request URL: /car/images/loader.gif
Stack Trace:
#0 C:\wamp\www\car\app\webroot\index.php(108): Dispatcher->dispatch(Object(CakeRequest), Object(CakeResponse))
#1 {main}
2014-07-10 21:14:12 Error: [MissingControllerException] Controller class ImagesController could not be found.
Exception Attributes: array (
  'class' => 'ImagesController',
  'plugin' => NULL,
)
Request URL: /car/images/loader.gif
Stack Trace:
#0 C:\wamp\www\car\app\webroot\index.php(108): Dispatcher->dispatch(Object(CakeRequest), Object(CakeResponse))
#1 {main}
2014-07-10 21:14:12 Error: [MissingControllerException] Controller class ImagesController could not be found.
Exception Attributes: array (
  'class' => 'ImagesController',
  'plugin' => NULL,
)
Request URL: /car/images/loader.gif
Stack Trace:
#0 C:\wamp\www\car\app\webroot\index.php(108): Dispatcher->dispatch(Object(CakeRequest), Object(CakeResponse))
#1 {main}
2014-07-10 21:14:13 Error: [MissingControllerException] Controller class ImagesController could not be found.
Exception Attributes: array (
  'class' => 'ImagesController',
  'plugin' => NULL,
)
Request URL: /car/images/loader.gif
Stack Trace:
#0 C:\wamp\www\car\app\webroot\index.php(108): Dispatcher->dispatch(Object(CakeRequest), Object(CakeResponse))
#1 {main}
2014-07-10 21:14:13 Error: [MissingControllerException] Controller class ImagesController could not be found.
Exception Attributes: array (
  'class' => 'ImagesController',
  'plugin' => NULL,
)
Request URL: /car/images/loader.gif
Stack Trace:
#0 C:\wamp\www\car\app\webroot\index.php(108): Dispatcher->dispatch(Object(CakeRequest), Object(CakeResponse))
#1 {main}
2014-07-10 21:14:13 Error: [MissingControllerException] Controller class ImagesController could not be found.
Exception Attributes: array (
  'class' => 'ImagesController',
  'plugin' => NULL,
)
Request URL: /car/images/loader.gif
Stack Trace:
#0 C:\wamp\www\car\app\webroot\index.php(108): Dispatcher->dispatch(Object(CakeRequest), Object(CakeResponse))
#1 {main}
2014-07-10 21:14:13 Error: [MissingControllerException] Controller class ImagesController could not be found.
Exception Attributes: array (
  'class' => 'ImagesController',
  'plugin' => NULL,
)
Request URL: /car/images/loader.gif
Stack Trace:
#0 C:\wamp\www\car\app\webroot\index.php(108): Dispatcher->dispatch(Object(CakeRequest), Object(CakeResponse))
#1 {main}
2014-07-10 21:14:13 Error: [MissingControllerException] Controller class ImagesController could not be found.
Exception Attributes: array (
  'class' => 'ImagesController',
  'plugin' => NULL,
)
Request URL: /car/images/loader.gif
Stack Trace:
#0 C:\wamp\www\car\app\webroot\index.php(108): Dispatcher->dispatch(Object(CakeRequest), Object(CakeResponse))
#1 {main}
2014-07-10 21:14:13 Error: [MissingControllerException] Controller class ImagesController could not be found.
Exception Attributes: array (
  'class' => 'ImagesController',
  'plugin' => NULL,
)
Request URL: /car/images/loader.gif
Stack Trace:
#0 C:\wamp\www\car\app\webroot\index.php(108): Dispatcher->dispatch(Object(CakeRequest), Object(CakeResponse))
#1 {main}
2014-07-10 21:14:13 Error: [MissingControllerException] Controller class ImagesController could not be found.
Exception Attributes: array (
  'class' => 'ImagesController',
  'plugin' => NULL,
)
Request URL: /car/images/loader.gif
Stack Trace:
#0 C:\wamp\www\car\app\webroot\index.php(108): Dispatcher->dispatch(Object(CakeRequest), Object(CakeResponse))
#1 {main}
2014-07-10 21:14:14 Error: [MissingControllerException] Controller class ImagesController could not be found.
Exception Attributes: array (
  'class' => 'ImagesController',
  'plugin' => NULL,
)
Request URL: /car/images/loader.gif
Stack Trace:
#0 C:\wamp\www\car\app\webroot\index.php(108): Dispatcher->dispatch(Object(CakeRequest), Object(CakeResponse))
#1 {main}
2014-07-10 21:14:14 Error: [MissingControllerException] Controller class ImagesController could not be found.
Exception Attributes: array (
  'class' => 'ImagesController',
  'plugin' => NULL,
)
Request URL: /car/images/loader.gif
Stack Trace:
#0 C:\wamp\www\car\app\webroot\index.php(108): Dispatcher->dispatch(Object(CakeRequest), Object(CakeResponse))
#1 {main}
2014-07-10 21:14:14 Error: [MissingControllerException] Controller class ImagesController could not be found.
Exception Attributes: array (
  'class' => 'ImagesController',
  'plugin' => NULL,
)
Request URL: /car/images/loader.gif
Stack Trace:
#0 C:\wamp\www\car\app\webroot\index.php(108): Dispatcher->dispatch(Object(CakeRequest), Object(CakeResponse))
#1 {main}
2014-07-10 21:14:14 Error: [MissingControllerException] Controller class ImagesController could not be found.
Exception Attributes: array (
  'class' => 'ImagesController',
  'plugin' => NULL,
)
Request URL: /car/images/loader.gif
Stack Trace:
#0 C:\wamp\www\car\app\webroot\index.php(108): Dispatcher->dispatch(Object(CakeRequest), Object(CakeResponse))
#1 {main}
2014-07-10 21:14:14 Error: [MissingControllerException] Controller class ImagesController could not be found.
Exception Attributes: array (
  'class' => 'ImagesController',
  'plugin' => NULL,
)
Request URL: /car/images/loader.gif
Stack Trace:
#0 C:\wamp\www\car\app\webroot\index.php(108): Dispatcher->dispatch(Object(CakeRequest), Object(CakeResponse))
#1 {main}
2014-07-10 21:14:14 Error: [MissingControllerException] Controller class ImagesController could not be found.
Exception Attributes: array (
  'class' => 'ImagesController',
  'plugin' => NULL,
)
Request URL: /car/images/loader.gif
Stack Trace:
#0 C:\wamp\www\car\app\webroot\index.php(108): Dispatcher->dispatch(Object(CakeRequest), Object(CakeResponse))
#1 {main}
2014-07-10 21:14:14 Error: [MissingControllerException] Controller class ImagesController could not be found.
Exception Attributes: array (
  'class' => 'ImagesController',
  'plugin' => NULL,
)
Request URL: /car/images/loader.gif
Stack Trace:
#0 C:\wamp\www\car\app\webroot\index.php(108): Dispatcher->dispatch(Object(CakeRequest), Object(CakeResponse))
#1 {main}
2014-07-10 21:14:14 Error: [MissingControllerException] Controller class ImagesController could not be found.
Exception Attributes: array (
  'class' => 'ImagesController',
  'plugin' => NULL,
)
Request URL: /car/images/loader.gif
Stack Trace:
#0 C:\wamp\www\car\app\webroot\index.php(108): Dispatcher->dispatch(Object(CakeRequest), Object(CakeResponse))
#1 {main}
2014-07-10 21:14:14 Error: [MissingControllerException] Controller class ImagesController could not be found.
Exception Attributes: array (
  'class' => 'ImagesController',
  'plugin' => NULL,
)
Request URL: /car/images/loader.gif
Stack Trace:
#0 C:\wamp\www\car\app\webroot\index.php(108): Dispatcher->dispatch(Object(CakeRequest), Object(CakeResponse))
#1 {main}
2014-07-10 21:14:14 Error: [MissingControllerException] Controller class ImagesController could not be found.
Exception Attributes: array (
  'class' => 'ImagesController',
  'plugin' => NULL,
)
Request URL: /car/images/loader.gif
Stack Trace:
#0 C:\wamp\www\car\app\webroot\index.php(108): Dispatcher->dispatch(Object(CakeRequest), Object(CakeResponse))
#1 {main}
2014-07-10 21:14:14 Error: [MissingControllerException] Controller class ImagesController could not be found.
Exception Attributes: array (
  'class' => 'ImagesController',
  'plugin' => NULL,
)
Request URL: /car/images/loader.gif
Stack Trace:
#0 C:\wamp\www\car\app\webroot\index.php(108): Dispatcher->dispatch(Object(CakeRequest), Object(CakeResponse))
#1 {main}
2014-07-10 21:14:14 Error: [MissingControllerException] Controller class ImagesController could not be found.
Exception Attributes: array (
  'class' => 'ImagesController',
  'plugin' => NULL,
)
Request URL: /car/images/loader.gif
Stack Trace:
#0 C:\wamp\www\car\app\webroot\index.php(108): Dispatcher->dispatch(Object(CakeRequest), Object(CakeResponse))
#1 {main}
2014-07-10 21:14:14 Error: [MissingControllerException] Controller class ImagesController could not be found.
Exception Attributes: array (
  'class' => 'ImagesController',
  'plugin' => NULL,
)
Request URL: /car/images/loader.gif
Stack Trace:
#0 C:\wamp\www\car\app\webroot\index.php(108): Dispatcher->dispatch(Object(CakeRequest), Object(CakeResponse))
#1 {main}
2014-07-10 21:14:14 Error: [MissingControllerException] Controller class ImagesController could not be found.
Exception Attributes: array (
  'class' => 'ImagesController',
  'plugin' => NULL,
)
Request URL: /car/images/loader.gif
Stack Trace:
#0 C:\wamp\www\car\app\webroot\index.php(108): Dispatcher->dispatch(Object(CakeRequest), Object(CakeResponse))
#1 {main}
2014-07-10 21:14:15 Error: [MissingControllerException] Controller class ImagesController could not be found.
Exception Attributes: array (
  'class' => 'ImagesController',
  'plugin' => NULL,
)
Request URL: /car/images/loader.gif
Stack Trace:
#0 C:\wamp\www\car\app\webroot\index.php(108): Dispatcher->dispatch(Object(CakeRequest), Object(CakeResponse))
#1 {main}
2014-07-10 21:14:15 Error: [MissingControllerException] Controller class ImagesController could not be found.
Exception Attributes: array (
  'class' => 'ImagesController',
  'plugin' => NULL,
)
Request URL: /car/images/loader.gif
Stack Trace:
#0 C:\wamp\www\car\app\webroot\index.php(108): Dispatcher->dispatch(Object(CakeRequest), Object(CakeResponse))
#1 {main}
2014-07-10 21:14:15 Error: [MissingControllerException] Controller class ImagesController could not be found.
Exception Attributes: array (
  'class' => 'ImagesController',
  'plugin' => NULL,
)
Request URL: /car/images/loader.gif
Stack Trace:
#0 C:\wamp\www\car\app\webroot\index.php(108): Dispatcher->dispatch(Object(CakeRequest), Object(CakeResponse))
#1 {main}
2014-07-10 21:14:15 Error: [MissingControllerException] Controller class ImagesController could not be found.
Exception Attributes: array (
  'class' => 'ImagesController',
  'plugin' => NULL,
)
Request URL: /car/images/loader.gif
Stack Trace:
#0 C:\wamp\www\car\app\webroot\index.php(108): Dispatcher->dispatch(Object(CakeRequest), Object(CakeResponse))
#1 {main}
2014-07-10 21:14:15 Error: [MissingControllerException] Controller class ImagesController could not be found.
Exception Attributes: array (
  'class' => 'ImagesController',
  'plugin' => NULL,
)
Request URL: /car/images/loader.gif
Stack Trace:
#0 C:\wamp\www\car\app\webroot\index.php(108): Dispatcher->dispatch(Object(CakeRequest), Object(CakeResponse))
#1 {main}
2014-07-10 21:14:15 Error: [MissingControllerException] Controller class ImagesController could not be found.
Exception Attributes: array (
  'class' => 'ImagesController',
  'plugin' => NULL,
)
Request URL: /car/images/loader.gif
Stack Trace:
#0 C:\wamp\www\car\app\webroot\index.php(108): Dispatcher->dispatch(Object(CakeRequest), Object(CakeResponse))
#1 {main}
2014-07-10 21:14:15 Error: [MissingControllerException] Controller class ImagesController could not be found.
Exception Attributes: array (
  'class' => 'ImagesController',
  'plugin' => NULL,
)
Request URL: /car/images/loader.gif
Stack Trace:
#0 C:\wamp\www\car\app\webroot\index.php(108): Dispatcher->dispatch(Object(CakeRequest), Object(CakeResponse))
#1 {main}
2014-07-10 21:14:16 Error: [MissingControllerException] Controller class ImagesController could not be found.
Exception Attributes: array (
  'class' => 'ImagesController',
  'plugin' => NULL,
)
Request URL: /car/images/loader.gif
Stack Trace:
#0 C:\wamp\www\car\app\webroot\index.php(108): Dispatcher->dispatch(Object(CakeRequest), Object(CakeResponse))
#1 {main}
2014-07-10 21:14:16 Error: [MissingControllerException] Controller class ImagesController could not be found.
Exception Attributes: array (
  'class' => 'ImagesController',
  'plugin' => NULL,
)
Request URL: /car/images/loader.gif
Stack Trace:
#0 C:\wamp\www\car\app\webroot\index.php(108): Dispatcher->dispatch(Object(CakeRequest), Object(CakeResponse))
#1 {main}
2014-07-10 21:14:16 Error: [MissingControllerException] Controller class ImagesController could not be found.
Exception Attributes: array (
  'class' => 'ImagesController',
  'plugin' => NULL,
)
Request URL: /car/images/loader.gif
Stack Trace:
#0 C:\wamp\www\car\app\webroot\index.php(108): Dispatcher->dispatch(Object(CakeRequest), Object(CakeResponse))
#1 {main}
2014-07-10 21:14:16 Error: [MissingControllerException] Controller class ImagesController could not be found.
Exception Attributes: array (
  'class' => 'ImagesController',
  'plugin' => NULL,
)
Request URL: /car/images/loader.gif
Stack Trace:
#0 C:\wamp\www\car\app\webroot\index.php(108): Dispatcher->dispatch(Object(CakeRequest), Object(CakeResponse))
#1 {main}
2014-07-10 21:14:16 Error: [MissingControllerException] Controller class ImagesController could not be found.
Exception Attributes: array (
  'class' => 'ImagesController',
  'plugin' => NULL,
)
Request URL: /car/images/loader.gif
Stack Trace:
#0 C:\wamp\www\car\app\webroot\index.php(108): Dispatcher->dispatch(Object(CakeRequest), Object(CakeResponse))
#1 {main}
2014-07-10 21:14:16 Error: [MissingControllerException] Controller class ImagesController could not be found.
Exception Attributes: array (
  'class' => 'ImagesController',
  'plugin' => NULL,
)
Request URL: /car/images/loader.gif
Stack Trace:
#0 C:\wamp\www\car\app\webroot\index.php(108): Dispatcher->dispatch(Object(CakeRequest), Object(CakeResponse))
#1 {main}
2014-07-10 21:22:23 Error: [MissingControllerException] Controller class ImagesController could not be found.
Exception Attributes: array (
  'class' => 'ImagesController',
  'plugin' => NULL,
)
Request URL: /car/images/blank.gif
Stack Trace:
#0 C:\wamp\www\car\app\webroot\index.php(108): Dispatcher->dispatch(Object(CakeRequest), Object(CakeResponse))
#1 {main}
2014-07-10 21:22:23 Error: [MissingControllerException] Controller class ImagesController could not be found.
Exception Attributes: array (
  'class' => 'ImagesController',
  'plugin' => NULL,
)
Request URL: /car/images/loader.gif
Stack Trace:
#0 C:\wamp\www\car\app\webroot\index.php(108): Dispatcher->dispatch(Object(CakeRequest), Object(CakeResponse))
#1 {main}
2014-07-10 21:46:35 Error: [MissingControllerException] Controller class ImagesController could not be found.
Exception Attributes: array (
  'class' => 'ImagesController',
  'plugin' => NULL,
)
Request URL: /car/images/loader.gif
Stack Trace:
#0 C:\wamp\www\car\app\webroot\index.php(108): Dispatcher->dispatch(Object(CakeRequest), Object(CakeResponse))
#1 {main}
2014-07-10 21:46:35 Error: [MissingControllerException] Controller class ImagesController could not be found.
Exception Attributes: array (
  'class' => 'ImagesController',
  'plugin' => NULL,
)
Request URL: /car/images/loader.gif
Stack Trace:
#0 C:\wamp\www\car\app\webroot\index.php(108): Dispatcher->dispatch(Object(CakeRequest), Object(CakeResponse))
#1 {main}
2014-07-10 21:46:35 Error: [MissingControllerException] Controller class ImagesController could not be found.
Exception Attributes: array (
  'class' => 'ImagesController',
  'plugin' => NULL,
)
Request URL: /car/images/loader.gif
Stack Trace:
#0 C:\wamp\www\car\app\webroot\index.php(108): Dispatcher->dispatch(Object(CakeRequest), Object(CakeResponse))
#1 {main}
2014-07-10 21:46:36 Error: [MissingControllerException] Controller class ImagesController could not be found.
Exception Attributes: array (
  'class' => 'ImagesController',
  'plugin' => NULL,
)
Request URL: /car/images/loader.gif
Stack Trace:
#0 C:\wamp\www\car\app\webroot\index.php(108): Dispatcher->dispatch(Object(CakeRequest), Object(CakeResponse))
#1 {main}
2014-07-10 21:46:38 Error: [MissingControllerException] Controller class ImagesController could not be found.
Exception Attributes: array (
  'class' => 'ImagesController',
  'plugin' => NULL,
)
Request URL: /car/images/blank.gif
Stack Trace:
#0 C:\wamp\www\car\app\webroot\index.php(108): Dispatcher->dispatch(Object(CakeRequest), Object(CakeResponse))
#1 {main}
2014-07-10 21:46:38 Error: [MissingControllerException] Controller class ImagesController could not be found.
Exception Attributes: array (
  'class' => 'ImagesController',
  'plugin' => NULL,
)
Request URL: /car/images/loader.gif
Stack Trace:
#0 C:\wamp\www\car\app\webroot\index.php(108): Dispatcher->dispatch(Object(CakeRequest), Object(CakeResponse))
#1 {main}
2014-07-11 22:42:59 Error: [MissingControllerException] Controller class ImagesController could not be found.
Exception Attributes: array (
  'class' => 'ImagesController',
  'plugin' => NULL,
)
Request URL: /car/images/blank.gif
Stack Trace:
#0 C:\wamp\www\car\app\webroot\index.php(108): Dispatcher->dispatch(Object(CakeRequest), Object(CakeResponse))
#1 {main}
2014-07-11 22:42:59 Error: [MissingControllerException] Controller class ImagesController could not be found.
Exception Attributes: array (
  'class' => 'ImagesController',
  'plugin' => NULL,
)
Request URL: /car/images/loader.gif
Stack Trace:
#0 C:\wamp\www\car\app\webroot\index.php(108): Dispatcher->dispatch(Object(CakeRequest), Object(CakeResponse))
#1 {main}
2014-07-11 22:42:59 Error: [MissingControllerException] Controller class ImagesController could not be found.
Exception Attributes: array (
  'class' => 'ImagesController',
  'plugin' => NULL,
)
Request URL: /car/images/loader.gif
Stack Trace:
#0 C:\wamp\www\car\app\webroot\index.php(108): Dispatcher->dispatch(Object(CakeRequest), Object(CakeResponse))
#1 {main}
2014-07-11 22:42:59 Error: [MissingControllerException] Controller class ImagesController could not be found.
Exception Attributes: array (
  'class' => 'ImagesController',
  'plugin' => NULL,
)
Request URL: /car/images/loader.gif
Stack Trace:
#0 C:\wamp\www\car\app\webroot\index.php(108): Dispatcher->dispatch(Object(CakeRequest), Object(CakeResponse))
#1 {main}
2014-07-11 22:42:59 Error: [MissingControllerException] Controller class ImagesController could not be found.
Exception Attributes: array (
  'class' => 'ImagesController',
  'plugin' => NULL,
)
Request URL: /car/images/loader.gif
Stack Trace:
#0 C:\wamp\www\car\app\webroot\index.php(108): Dispatcher->dispatch(Object(CakeRequest), Object(CakeResponse))
#1 {main}
2014-07-11 22:42:59 Error: [MissingControllerException] Controller class ImagesController could not be found.
Exception Attributes: array (
  'class' => 'ImagesController',
  'plugin' => NULL,
)
Request URL: /car/images/loader.gif
Stack Trace:
#0 C:\wamp\www\car\app\webroot\index.php(108): Dispatcher->dispatch(Object(CakeRequest), Object(CakeResponse))
#1 {main}
2014-07-11 22:42:59 Error: [MissingControllerException] Controller class ImagesController could not be found.
Exception Attributes: array (
  'class' => 'ImagesController',
  'plugin' => NULL,
)
Request URL: /car/images/loader.gif
Stack Trace:
#0 C:\wamp\www\car\app\webroot\index.php(108): Dispatcher->dispatch(Object(CakeRequest), Object(CakeResponse))
#1 {main}
2014-07-11 22:42:59 Error: [MissingControllerException] Controller class ImagesController could not be found.
Exception Attributes: array (
  'class' => 'ImagesController',
  'plugin' => NULL,
)
Request URL: /car/images/loader.gif
Stack Trace:
#0 C:\wamp\www\car\app\webroot\index.php(108): Dispatcher->dispatch(Object(CakeRequest), Object(CakeResponse))
#1 {main}
2014-07-11 22:42:59 Error: [MissingControllerException] Controller class ImagesController could not be found.
Exception Attributes: array (
  'class' => 'ImagesController',
  'plugin' => NULL,
)
Request URL: /car/images/loader.gif
Stack Trace:
#0 C:\wamp\www\car\app\webroot\index.php(108): Dispatcher->dispatch(Object(CakeRequest), Object(CakeResponse))
#1 {main}
2014-07-11 22:42:59 Error: [MissingControllerException] Controller class ImagesController could not be found.
Exception Attributes: array (
  'class' => 'ImagesController',
  'plugin' => NULL,
)
Request URL: /car/images/loader.gif
Stack Trace:
#0 C:\wamp\www\car\app\webroot\index.php(108): Dispatcher->dispatch(Object(CakeRequest), Object(CakeResponse))
#1 {main}
2014-07-11 22:43:00 Error: [MissingControllerException] Controller class ImagesController could not be found.
Exception Attributes: array (
  'class' => 'ImagesController',
  'plugin' => NULL,
)
Request URL: /car/images/loader.gif
Stack Trace:
#0 C:\wamp\www\car\app\webroot\index.php(108): Dispatcher->dispatch(Object(CakeRequest), Object(CakeResponse))
#1 {main}
2014-07-11 22:43:00 Error: [MissingControllerException] Controller class ImagesController could not be found.
Exception Attributes: array (
  'class' => 'ImagesController',
  'plugin' => NULL,
)
Request URL: /car/images/loader.gif
Stack Trace:
#0 C:\wamp\www\car\app\webroot\index.php(108): Dispatcher->dispatch(Object(CakeRequest), Object(CakeResponse))
#1 {main}
2014-07-11 22:43:00 Error: [MissingControllerException] Controller class ImagesController could not be found.
Exception Attributes: array (
  'class' => 'ImagesController',
  'plugin' => NULL,
)
Request URL: /car/images/loader.gif
Stack Trace:
#0 C:\wamp\www\car\app\webroot\index.php(108): Dispatcher->dispatch(Object(CakeRequest), Object(CakeResponse))
#1 {main}
2014-07-11 22:43:00 Error: [MissingControllerException] Controller class ImagesController could not be found.
Exception Attributes: array (
  'class' => 'ImagesController',
  'plugin' => NULL,
)
Request URL: /car/images/loader.gif
Stack Trace:
#0 C:\wamp\www\car\app\webroot\index.php(108): Dispatcher->dispatch(Object(CakeRequest), Object(CakeResponse))
#1 {main}
2014-07-11 22:43:00 Error: [MissingControllerException] Controller class ImagesController could not be found.
Exception Attributes: array (
  'class' => 'ImagesController',
  'plugin' => NULL,
)
Request URL: /car/images/loader.gif
Stack Trace:
#0 C:\wamp\www\car\app\webroot\index.php(108): Dispatcher->dispatch(Object(CakeRequest), Object(CakeResponse))
#1 {main}
2014-07-11 22:43:00 Error: [MissingControllerException] Controller class ImagesController could not be found.
Exception Attributes: array (
  'class' => 'ImagesController',
  'plugin' => NULL,
)
Request URL: /car/images/loader.gif
Stack Trace:
#0 C:\wamp\www\car\app\webroot\index.php(108): Dispatcher->dispatch(Object(CakeRequest), Object(CakeResponse))
#1 {main}
2014-07-11 22:43:00 Error: [MissingControllerException] Controller class ImagesController could not be found.
Exception Attributes: array (
  'class' => 'ImagesController',
  'plugin' => NULL,
)
Request URL: /car/images/loader.gif
Stack Trace:
#0 C:\wamp\www\car\app\webroot\index.php(108): Dispatcher->dispatch(Object(CakeRequest), Object(CakeResponse))
#1 {main}
2014-07-11 22:43:00 Error: [MissingControllerException] Controller class ImagesController could not be found.
Exception Attributes: array (
  'class' => 'ImagesController',
  'plugin' => NULL,
)
Request URL: /car/images/loader.gif
Stack Trace:
#0 C:\wamp\www\car\app\webroot\index.php(108): Dispatcher->dispatch(Object(CakeRequest), Object(CakeResponse))
#1 {main}
2014-07-11 22:43:00 Error: [MissingControllerException] Controller class ImagesController could not be found.
Exception Attributes: array (
  'class' => 'ImagesController',
  'plugin' => NULL,
)
Request URL: /car/images/loader.gif
Stack Trace:
#0 C:\wamp\www\car\app\webroot\index.php(108): Dispatcher->dispatch(Object(CakeRequest), Object(CakeResponse))
#1 {main}
2014-07-11 22:43:01 Error: [MissingControllerException] Controller class ImagesController could not be found.
Exception Attributes: array (
  'class' => 'ImagesController',
  'plugin' => NULL,
)
Request URL: /car/images/loader.gif
Stack Trace:
#0 C:\wamp\www\car\app\webroot\index.php(108): Dispatcher->dispatch(Object(CakeRequest), Object(CakeResponse))
#1 {main}
2014-07-11 22:43:01 Error: [MissingControllerException] Controller class ImagesController could not be found.
Exception Attributes: array (
  'class' => 'ImagesController',
  'plugin' => NULL,
)
Request URL: /car/images/loader.gif
Stack Trace:
#0 C:\wamp\www\car\app\webroot\index.php(108): Dispatcher->dispatch(Object(CakeRequest), Object(CakeResponse))
#1 {main}
2014-07-11 22:43:01 Error: [MissingControllerException] Controller class ImagesController could not be found.
Exception Attributes: array (
  'class' => 'ImagesController',
  'plugin' => NULL,
)
Request URL: /car/images/loader.gif
Stack Trace:
#0 C:\wamp\www\car\app\webroot\index.php(108): Dispatcher->dispatch(Object(CakeRequest), Object(CakeResponse))
#1 {main}
2014-07-11 22:43:02 Error: [MissingControllerException] Controller class ImagesController could not be found.
Exception Attributes: array (
  'class' => 'ImagesController',
  'plugin' => NULL,
)
Request URL: /car/images/loader.gif
Stack Trace:
#0 C:\wamp\www\car\app\webroot\index.php(108): Dispatcher->dispatch(Object(CakeRequest), Object(CakeResponse))
#1 {main}
2014-07-11 22:43:02 Error: [MissingControllerException] Controller class ImagesController could not be found.
Exception Attributes: array (
  'class' => 'ImagesController',
  'plugin' => NULL,
)
Request URL: /car/images/loader.gif
Stack Trace:
#0 C:\wamp\www\car\app\webroot\index.php(108): Dispatcher->dispatch(Object(CakeRequest), Object(CakeResponse))
#1 {main}
2014-07-11 22:43:02 Error: [MissingControllerException] Controller class ImagesController could not be found.
Exception Attributes: array (
  'class' => 'ImagesController',
  'plugin' => NULL,
)
Request URL: /car/images/loader.gif
Stack Trace:
#0 C:\wamp\www\car\app\webroot\index.php(108): Dispatcher->dispatch(Object(CakeRequest), Object(CakeResponse))
#1 {main}
2014-07-11 22:43:02 Error: [MissingControllerException] Controller class ImagesController could not be found.
Exception Attributes: array (
  'class' => 'ImagesController',
  'plugin' => NULL,
)
Request URL: /car/images/loader.gif
Stack Trace:
#0 C:\wamp\www\car\app\webroot\index.php(108): Dispatcher->dispatch(Object(CakeRequest), Object(CakeResponse))
#1 {main}
2014-07-11 22:43:02 Error: [MissingControllerException] Controller class ImagesController could not be found.
Exception Attributes: array (
  'class' => 'ImagesController',
  'plugin' => NULL,
)
Request URL: /car/images/loader.gif
Stack Trace:
#0 C:\wamp\www\car\app\webroot\index.php(108): Dispatcher->dispatch(Object(CakeRequest), Object(CakeResponse))
#1 {main}
2014-07-11 22:55:01 Error: [MissingControllerException] Controller class ImagesController could not be found.
Exception Attributes: array (
  'class' => 'ImagesController',
  'plugin' => NULL,
)
Request URL: /car/images/blank.gif
Stack Trace:
#0 C:\wamp\www\car\app\webroot\index.php(108): Dispatcher->dispatch(Object(CakeRequest), Object(CakeResponse))
#1 {main}
2014-07-11 22:55:02 Error: [MissingControllerException] Controller class ImagesController could not be found.
Exception Attributes: array (
  'class' => 'ImagesController',
  'plugin' => NULL,
)
Request URL: /car/images/loader.gif
Stack Trace:
#0 C:\wamp\www\car\app\webroot\index.php(108): Dispatcher->dispatch(Object(CakeRequest), Object(CakeResponse))
#1 {main}
2014-07-11 22:55:02 Error: [MissingControllerException] Controller class ImagesController could not be found.
Exception Attributes: array (
  'class' => 'ImagesController',
  'plugin' => NULL,
)
Request URL: /car/images/loader.gif
Stack Trace:
#0 C:\wamp\www\car\app\webroot\index.php(108): Dispatcher->dispatch(Object(CakeRequest), Object(CakeResponse))
#1 {main}
2014-07-11 22:55:02 Error: [MissingControllerException] Controller class ImagesController could not be found.
Exception Attributes: array (
  'class' => 'ImagesController',
  'plugin' => NULL,
)
Request URL: /car/images/loader.gif
Stack Trace:
#0 C:\wamp\www\car\app\webroot\index.php(108): Dispatcher->dispatch(Object(CakeRequest), Object(CakeResponse))
#1 {main}
2014-07-11 22:55:02 Error: [MissingControllerException] Controller class ImagesController could not be found.
Exception Attributes: array (
  'class' => 'ImagesController',
  'plugin' => NULL,
)
Request URL: /car/images/loader.gif
Stack Trace:
#0 C:\wamp\www\car\app\webroot\index.php(108): Dispatcher->dispatch(Object(CakeRequest), Object(CakeResponse))
#1 {main}
2014-07-11 22:55:02 Error: [MissingControllerException] Controller class ImagesController could not be found.
Exception Attributes: array (
  'class' => 'ImagesController',
  'plugin' => NULL,
)
Request URL: /car/images/loader.gif
Stack Trace:
#0 C:\wamp\www\car\app\webroot\index.php(108): Dispatcher->dispatch(Object(CakeRequest), Object(CakeResponse))
#1 {main}
2014-07-11 22:55:02 Error: [MissingControllerException] Controller class ImagesController could not be found.
Exception Attributes: array (
  'class' => 'ImagesController',
  'plugin' => NULL,
)
Request URL: /car/images/loader.gif
Stack Trace:
#0 C:\wamp\www\car\app\webroot\index.php(108): Dispatcher->dispatch(Object(CakeRequest), Object(CakeResponse))
#1 {main}
2014-07-11 22:55:02 Error: [MissingControllerException] Controller class ImagesController could not be found.
Exception Attributes: array (
  'class' => 'ImagesController',
  'plugin' => NULL,
)
Request URL: /car/images/loader.gif
Stack Trace:
#0 C:\wamp\www\car\app\webroot\index.php(108): Dispatcher->dispatch(Object(CakeRequest), Object(CakeResponse))
#1 {main}
2014-07-11 22:55:02 Error: [MissingControllerException] Controller class ImagesController could not be found.
Exception Attributes: array (
  'class' => 'ImagesController',
  'plugin' => NULL,
)
Request URL: /car/images/loader.gif
Stack Trace:
#0 C:\wamp\www\car\app\webroot\index.php(108): Dispatcher->dispatch(Object(CakeRequest), Object(CakeResponse))
#1 {main}
2014-07-11 22:55:02 Error: [MissingControllerException] Controller class ImagesController could not be found.
Exception Attributes: array (
  'class' => 'ImagesController',
  'plugin' => NULL,
)
Request URL: /car/images/loader.gif
Stack Trace:
#0 C:\wamp\www\car\app\webroot\index.php(108): Dispatcher->dispatch(Object(CakeRequest), Object(CakeResponse))
#1 {main}
2014-07-11 22:55:12 Error: [MissingControllerException] Controller class ImagesController could not be found.
Exception Attributes: array (
  'class' => 'ImagesController',
  'plugin' => NULL,
)
Request URL: /car/images/loader.gif
Stack Trace:
#0 C:\wamp\www\car\app\webroot\index.php(108): Dispatcher->dispatch(Object(CakeRequest), Object(CakeResponse))
#1 {main}
2014-07-11 22:55:12 Error: [MissingControllerException] Controller class ImagesController could not be found.
Exception Attributes: array (
  'class' => 'ImagesController',
  'plugin' => NULL,
)
Request URL: /car/images/loader.gif
Stack Trace:
#0 C:\wamp\www\car\app\webroot\index.php(108): Dispatcher->dispatch(Object(CakeRequest), Object(CakeResponse))
#1 {main}
